<?xml version="1.0" ?><testsuite name="ServerSide.TestNetworkServer" time="3.541" timestamp="2021-06-20T07:06:31" tests="20" failures="0" skipped="0" aborted="0"><properties>
[...]
</properties><testcase classname="ServerSide.TestNetworkServer" name="failUpdate()" time="0.143"></testcase><testcase classname="ServerSide.TestNetworkServer" name="constrainedUpdate()" time="0.141"></testcase><testcase classname="ServerSide.TestNetworkServer" name="successUpdate()" time="0.147"></testcase><testcase classname="ServerSide.TestNetworkServer" name="tradeRecTrivialCase()" time="0.205"></testcase><testcase classname="ServerSide.TestNetworkServer" name="applyConstraintsAsset()" time="0.16"></testcase><testcase classname="ServerSide.TestNetworkServer" name="tradeRecQtyDifference()" time="0.172"></testcase><testcase classname="ServerSide.TestNetworkServer" name="successDelete()" time="0.15"></testcase><testcase classname="ServerSide.TestNetworkServer" name="tradeRecPriceDifference()" time="0.198"></testcase><testcase classname="ServerSide.TestNetworkServer" name="applyConstraintSellOrder()" time="0.148"></testcase><testcase classname="ServerSide.TestNetworkServer" name="applyConstraintsUnit()" time="0.154"></testcase><testcase classname="ServerSide.TestNetworkServer" name="failDelete()" time="0.147"></testcase><testcase classname="ServerSide.TestNetworkServer" name="tradeRecMultiMatch()" time="0.214"></testcase><testcase classname="ServerSide.TestNetworkServer" name="failInsert()" time="0.16"></testcase><testcase classname="ServerSide.TestNetworkServer" name="twoRowsInsertUOD()" time="0.155"></testcase><testcase classname="ServerSide.TestNetworkServer" name="successSelectBlankFilter()" time="0.15"></testcase><testcase classname="ServerSide.TestNetworkServer" name="tradeRecNoMatches()" time="0.208"></testcase><testcase classname="ServerSide.TestNetworkServer" name="constrainedInsert()" time="0.142"></testcase><testcase classname="ServerSide.TestNetworkServer" name="oneRowInsertUOD()" time="0.138"></testcase><testcase classname="ServerSide.TestNetworkServer" name="constrainedInsertUOD()" time="0.157"></testcase><testcase classname="ServerSide.TestNetworkServer" name="failSelectBlankFilter()" time="0.141"></testcase></testsuite>